Flutter crash report; please file at https://github.com/flutter/flutter/issues.

## command

flutter --no-color run --machine --track-widget-creation --device-id=emulator-5554 lib\main.dart

## exception

SocketException: SocketException: Write failed (OS Error: The pipe is being closed.
, errno = 232), port = 0

```
null```

## flutter doctor

```
[✓] Flutter (Channel stable, v1.7.8+hotfix.4, on Microsoft Windows [Version 10.0.18362.356], locale en-US)
    • Flutter version 1.7.8+hotfix.4 at C:\Flutter\flutter
    • Framework revision 20e59316b8 (3 months ago), 2019-07-18 20:04:33 -0700
    • Engine revision fee001c93f
    • Dart version 2.4.0

[✓] Android toolchain - develop for Android devices (Android SDK version 28.0.3)
    • Android SDK at C:\Users\Cory\AppData\Local\Android\sdk
    • Android NDK location not configured (optional; useful for native profiling support)
    • Platform android-28, build-tools 28.0.3
    • Java binary at: C:\Program Files\Android\Android Studio\jre\bin\java
    • Java version OpenJDK Runtime Environment (build 1.8.0_202-release-1483-b03)
    • All Android licenses accepted.

[✓] Android Studio (version 3.5)
    • Android Studio at C:\Program Files\Android\Android Studio
    • Flutter plugin version 39.0.3
    • Dart plugin version 191.8423
    • Java version OpenJDK Runtime Environment (build 1.8.0_202-release-1483-b03)

[✓] VS Code, 64-bit edition (version 1.23.1)
    • VS Code at C:\Program Files\Microsoft VS Code
    • Flutter extension version 2.14.0

[✓] Connected device (1 available)
    • Android SDK built for x86 • emulator-5554 • android-x86 • Android 10 (API 29) (emulator)

• No issues found!
```
